<?xml version="1.0" encoding="UTF-8"?>
<!-- Generated by org.testng.reporters.JUnitXMLReporter -->
<testsuite ignored="0" hostname="LAPTOP-HA74NOBF" failures="1" tests="1" name="Test" time="10.072" errors="0" timestamp="28 Jan 2024 15:16:31 GMT">
  <testcase classname="com.Banking.TestCases.LoginTest" name="loginPageTest" time="1.568">
    <failure type="java.lang.AssertionError" message="expected [true] but found [false]">
      <![CDATA[java.lang.AssertionError: expected [true] but found [false]
at com.Banking.TestCases.LoginTest.loginPageTest(LoginTest.java:31)
... Removed 29 stack frames]]>
    </failure>
  </testcase> <!-- loginPageTest -->
</testsuite> <!-- Test -->
