<?xml version="1.0" encoding="UTF-8"?>
<testng-results ignored="0" total="1" passed="1" failed="0" skipped="0">
  <reporter-output>
  </reporter-output>
  <suite started-at="2024-02-04T04:42:46Z" name="Suite" finished-at="2024-02-04T04:43:01Z" duration-ms="14189">
    <groups>
    </groups>
    <test started-at="2024-02-04T04:42:46Z" name="Test" finished-at="2024-02-04T04:43:01Z" duration-ms="14189">
      <class name="com.Banking.TestCases.LoginTest">
        <test-method is-config="true" signature="setup(java.lang.String)[pri:0, instance:com.Banking.TestCases.LoginTest@19b89d4]" started-at="2024-02-04T04:42:46Z" name="setup" finished-at="2024-02-04T04:42:59Z" duration-ms="12484" status="PASS">
          <params>
            <param index="0">
              <value>
                <![CDATA[chrome]]>
              </value>
            </param>
          </params>
          <reporter-output>
          </reporter-output>
        </test-method> <!-- setup -->
        <test-method signature="loginPageTest()[pri:0, instance:com.Banking.TestCases.LoginTest@19b89d4]" started-at="2024-02-04T04:42:59Z" name="loginPageTest" finished-at="2024-02-04T04:43:00Z" duration-ms="1440" status="PASS">
          <reporter-output>
          </reporter-output>
        </test-method> <!-- loginPageTest -->
        <test-method is-config="true" signature="tearDown()[pri:0, instance:com.Banking.TestCases.LoginTest@19b89d4]" started-at="2024-02-04T04:43:00Z" name="tearDown" finished-at="2024-02-04T04:43:01Z" duration-ms="241" status="PASS">
          <reporter-output>
          </reporter-output>
        </test-method> <!-- tearDown -->
      </class> <!-- com.Banking.TestCases.LoginTest -->
    </test> <!-- Test -->
  </suite> <!-- Suite -->
</testng-results>
