<?xml version="1.0" encoding="UTF-8"?>
<testng-results ignored="0" total="2" passed="2" failed="0" skipped="0">
  <reporter-output>
  </reporter-output>
  <suite started-at="2024-02-11T13:54:12Z" name="Suite" finished-at="2024-02-11T13:54:26Z" duration-ms="14137">
    <groups>
    </groups>
    <test started-at="2024-02-11T13:54:12Z" name="Test" finished-at="2024-02-11T13:54:26Z" duration-ms="14137">
      <class name="com.Banking.TestCases.LoginTest">
        <test-method is-config="true" signature="setup(java.lang.String)[pri:0, instance:com.Banking.TestCases.LoginTest@455b6df1]" started-at="2024-02-11T13:54:12Z" name="setup" finished-at="2024-02-11T13:54:19Z" duration-ms="6803" status="PASS">
          <params>
            <param index="0">
              <value>
                <![CDATA[chrome]]>
              </value>
            </param>
          </params>
          <reporter-output>
          </reporter-output>
        </test-method> <!-- setup -->
        <test-method signature="loginPageTest()[pri:0, instance:com.Banking.TestCases.LoginTest@455b6df1]" started-at="2024-02-11T13:54:19Z" name="loginPageTest" finished-at="2024-02-11T13:54:21Z" duration-ms="1526" status="PASS">
          <reporter-output>
          </reporter-output>
        </test-method> <!-- loginPageTest -->
        <test-method is-config="true" signature="tearDown()[pri:0, instance:com.Banking.TestCases.LoginTest@455b6df1]" started-at="2024-02-11T13:54:21Z" name="tearDown" finished-at="2024-02-11T13:54:21Z" duration-ms="178" status="PASS">
          <reporter-output>
          </reporter-output>
        </test-method> <!-- tearDown -->
        <test-method is-config="true" signature="setup(java.lang.String)[pri:0, instance:com.Banking.TestCases.LoginTest@455b6df1]" started-at="2024-02-11T13:54:21Z" name="setup" finished-at="2024-02-11T13:54:25Z" duration-ms="4025" status="PASS">
          <params>
            <param index="0">
              <value>
                <![CDATA[chrome]]>
              </value>
            </param>
          </params>
          <reporter-output>
          </reporter-output>
        </test-method> <!-- setup -->
        <test-method signature="loginPageTest1()[pri:0, instance:com.Banking.TestCases.LoginTest@455b6df1]" started-at="2024-02-11T13:54:25Z" name="loginPageTest1" finished-at="2024-02-11T13:54:26Z" duration-ms="1389" status="PASS">
          <reporter-output>
          </reporter-output>
        </test-method> <!-- loginPageTest1 -->
        <test-method is-config="true" signature="tearDown()[pri:0, instance:com.Banking.TestCases.LoginTest@455b6df1]" started-at="2024-02-11T13:54:26Z" name="tearDown" finished-at="2024-02-11T13:54:26Z" duration-ms="151" status="PASS">
          <reporter-output>
          </reporter-output>
        </test-method> <!-- tearDown -->
      </class> <!-- com.Banking.TestCases.LoginTest -->
    </test> <!-- Test -->
  </suite> <!-- Suite -->
</testng-results>
