<?xml version="1.0" encoding="UTF-8"?>
<testng-results ignored="0" total="2" passed="2" failed="0" skipped="0">
  <reporter-output>
  </reporter-output>
  <suite started-at="2024-02-04T05:48:53Z" name="Suite" finished-at="2024-02-04T05:49:16Z" duration-ms="22189">
    <groups>
    </groups>
    <test started-at="2024-02-04T05:48:53Z" name="Test" finished-at="2024-02-04T05:49:16Z" duration-ms="22189">
      <class name="com.Banking.TestCases.LoginTest">
        <test-method is-config="true" signature="setup(java.lang.String)[pri:0, instance:com.Banking.TestCases.LoginTest@455b6df1]" started-at="2024-02-04T05:48:53Z" name="setup" finished-at="2024-02-04T05:49:03Z" duration-ms="9230" status="PASS">
          <params>
            <param index="0">
              <value>
                <![CDATA[chrome]]>
              </value>
            </param>
          </params>
          <reporter-output>
          </reporter-output>
        </test-method> <!-- setup -->
        <test-method signature="loginPageTest()[pri:0, instance:com.Banking.TestCases.LoginTest@455b6df1]" started-at="2024-02-04T05:49:03Z" name="loginPageTest" finished-at="2024-02-04T05:49:04Z" duration-ms="1551" status="PASS">
          <reporter-output>
          </reporter-output>
        </test-method> <!-- loginPageTest -->
        <test-method is-config="true" signature="tearDown()[pri:0, instance:com.Banking.TestCases.LoginTest@455b6df1]" started-at="2024-02-04T05:49:04Z" name="tearDown" finished-at="2024-02-04T05:49:04Z" duration-ms="136" status="PASS">
          <reporter-output>
          </reporter-output>
        </test-method> <!-- tearDown -->
        <test-method is-config="true" signature="setup(java.lang.String)[pri:0, instance:com.Banking.TestCases.LoginTest@455b6df1]" started-at="2024-02-04T05:49:04Z" name="setup" finished-at="2024-02-04T05:49:13Z" duration-ms="9132" status="PASS">
          <params>
            <param index="0">
              <value>
                <![CDATA[chrome]]>
              </value>
            </param>
          </params>
          <reporter-output>
          </reporter-output>
        </test-method> <!-- setup -->
        <test-method signature="loginPageTest1()[pri:0, instance:com.Banking.TestCases.LoginTest@455b6df1]" started-at="2024-02-04T05:49:13Z" name="loginPageTest1" finished-at="2024-02-04T05:49:15Z" duration-ms="1985" status="PASS">
          <reporter-output>
          </reporter-output>
        </test-method> <!-- loginPageTest1 -->
        <test-method is-config="true" signature="tearDown()[pri:0, instance:com.Banking.TestCases.LoginTest@455b6df1]" started-at="2024-02-04T05:49:15Z" name="tearDown" finished-at="2024-02-04T05:49:16Z" duration-ms="137" status="PASS">
          <reporter-output>
          </reporter-output>
        </test-method> <!-- tearDown -->
      </class> <!-- com.Banking.TestCases.LoginTest -->
    </test> <!-- Test -->
  </suite> <!-- Suite -->
</testng-results>
